<?xml version="1.0" encoding="UTF-8" ?>
<testsuite failures="0" time="0.061" errors="0" skipped="0" tests="4" name="testes.ReviewTest">
  <properties>
[...]
</properties>
  <testcase time="0.037" classname="testes.ReviewTest" name="testaCriacaoReviewInValida"/>
  <testcase time="0.003" classname="testes.ReviewTest" name="testaCriacaoReviewValida"/>
  <testcase time="0.003" classname="testes.ReviewTest" name="testaSets"/>
  <testcase time="0.002" classname="testes.ReviewTest" name="testaGets"/>
</testsuite>